<?xml version="1.0" encoding="UTF-8"?>
<testng-results ignored="0" total="1" passed="1" failed="0" skipped="0">
  <reporter-output>
  </reporter-output>
  <suite started-at="2024-12-23T12:38:43 EET" name="Default suite" finished-at="2024-12-23T12:39:07 EET" duration-ms="24199">
    <groups>
    </groups>
    <test started-at="2024-12-23T12:38:43 EET" name="Default test" finished-at="2024-12-23T12:39:07 EET" duration-ms="24199">
      <class name="testAppetize.TestDeleteUploadedApk">
        <test-method is-config="true" signature="setup()[pri:0, instance:testAppetize.TestDeleteUploadedApk@31304f14]" started-at="2024-12-23T12:38:44 EET" name="setup" finished-at="2024-12-23T12:38:52 EET" duration-ms="8444" status="PASS">
          <reporter-output>
          </reporter-output>
        </test-method> <!-- setup -->
        <test-method signature="test(java.lang.String,java.lang.String,java.lang.String,java.lang.String,java.lang.String)[pri:0, instance:testAppetize.TestDeleteUploadedApk@31304f14]" started-at="2024-12-23T12:38:52 EET" name="test" data-provider="data" finished-at="2024-12-23T12:39:07 EET" duration-ms="15270" status="PASS">
          <params>
            <param index="0">
              <value>
                <![CDATA[110066hh110066@gmail.com]]>
              </value>
            </param>
            <param index="1">
              <value>
                <![CDATA[qF8+JA!xU4Ni#ne]]>
              </value>
            </param>
            <param index="2">
              <value>
                <![CDATA[C:\\Users\\ibrah\\Documents\\Android\\Kotlin_X_Xml\\GymPro2\\app\\release\\app-release.apk]]>
              </value>
            </param>
            <param index="3">
              <value>
                <![CDATA[com.eibrahim.winkel]]>
              </value>
            </param>
            <param index="4">
              <value>
                <![CDATA[Winkel]]>
              </value>
            </param>
          </params>
          <reporter-output>
          </reporter-output>
        </test-method> <!-- test -->
        <test-method is-config="true" signature="teardown()[pri:0, instance:testAppetize.TestDeleteUploadedApk@31304f14]" started-at="2024-12-23T12:39:07 EET" name="teardown" finished-at="2024-12-23T12:39:07 EET" duration-ms="0" status="PASS">
          <reporter-output>
          </reporter-output>
        </test-method> <!-- teardown -->
      </class> <!-- testAppetize.TestDeleteUploadedApk -->
    </test> <!-- Default test -->
  </suite> <!-- Default suite -->
</testng-results>
